<?xml version="1.0" encoding="UTF-8"?>
<!-- Generated by org.testng.reporters.JUnitReportReporter -->
<testsuite hostname="LAPTOP-FFRMSS9Q" failures="0" tests="6" name="runner.Runner" time="2.251" errors="0" timestamp="07 Nov 2022 09:10:10 GMT" skipped="0">
  <testcase classname="runner.Runner" name="runScenario" time="1.596"/>
  <testcase classname="runner.Runner" name="runScenario" time="0.025"/>
  <testcase classname="runner.Runner" name="runScenario" time="0.007"/>
  <testcase classname="runner.Runner" name="runScenario" time="0.211"/>
  <testcase classname="runner.Runner" name="runScenario" time="0.386"/>
  <testcase classname="runner.Runner" name="runScenario" time="0.026"/>
</testsuite> <!-- runner.Runner -->
